  [1m[35m (24.2ms)[0m  [1m[35mCREATE TABLE "schema_migrations" ("version" character varying PRIMARY KEY)[0m
  [1m[35m (19.7ms)[0m  [1m[35mCREATE TABLE "ar_internal_metadata" ("key" character varying PRIMARY KEY, "value" character varying, "created_at" timestamp NOT NULL, "updated_at" timestamp NOT NULL)[0m
  [1m[35m (0.3ms)[0m  [1m[34mSELECT pg_try_advisory_lock(7060301001949651365);[0m
  [1m[36mActiveRecord::SchemaMigration Load (0.3ms)[0m  [1m[34mSELECT "schema_migrations".* FROM "schema_migrations"[0m
Migrating to CreateUsers (20160718180635)
  [1m[35m (0.1ms)[0m  [1m[35mBEGIN[0m
DEPRECATION WARNING: Directly inheriting from ActiveRecord::Migration is deprecated. Please specify the Rails release the migration was written for:

  class CreateUsers < ActiveRecord::Migration[4.2] (called from require at /Users/scottsouthard/Documents/Dev/samuel/bin/rails:9)
  [1m[35m (21.6ms)[0m  [1m[35mCREATE TABLE "users" ("id" serial primary key, "name" character varying, "password" character varying, "created_at" timestamp NOT NULL, "updated_at" timestamp NOT NULL)[0m
  [1m[35mSQL (7.6ms)[0m  [1m[32mINSERT INTO "schema_migrations" ("version") VALUES ($1) RETURNING "version"[0m  [["version", "20160718180635"]]
  [1m[35m (6.7ms)[0m  [1m[35mCOMMIT[0m
Migrating to CreatePosts (20160722172252)
  [1m[35m (5.5ms)[0m  [1m[35mBEGIN[0m
  [1m[35m (7.4ms)[0m  [1m[35mCREATE TABLE "posts" ("id" serial primary key, "title" character varying, "description" character varying, "date" date, "created_at" timestamp NOT NULL, "updated_at" timestamp NOT NULL)[0m
  [1m[35mSQL (0.2ms)[0m  [1m[32mINSERT INTO "schema_migrations" ("version") VALUES ($1) RETURNING "version"[0m  [["version", "20160722172252"]]
  [1m[35m (0.3ms)[0m  [1m[35mCOMMIT[0m
Migrating to CreatePictures (20160722172755)
  [1m[35m (0.2ms)[0m  [1m[35mBEGIN[0m
  [1m[35m (1.7ms)[0m  [1m[35mCREATE TABLE "pictures" ("id" serial primary key, "post_id" integer, "created_at" timestamp NOT NULL, "updated_at" timestamp NOT NULL)[0m
  [1m[35mSQL (0.3ms)[0m  [1m[32mINSERT INTO "schema_migrations" ("version") VALUES ($1) RETURNING "version"[0m  [["version", "20160722172755"]]
  [1m[35m (0.3ms)[0m  [1m[35mCOMMIT[0m
Migrating to AddAttachmentDocumentToPosts (20160722173529)
  [1m[35m (0.2ms)[0m  [1m[35mBEGIN[0m
DEPRECATION WARNING: Directly inheriting from ActiveRecord::Migration is deprecated. Please specify the Rails release the migration was written for:

  class AddAttachmentDocumentToPosts < ActiveRecord::Migration[4.2] (called from require at /Users/scottsouthard/Documents/Dev/samuel/bin/rails:9)
  [1m[35m (0.6ms)[0m  [1m[35mALTER TABLE "posts" ADD "document_file_name" character varying[0m
  [1m[35m (0.2ms)[0m  [1m[35mALTER TABLE "posts" ADD "document_content_type" character varying[0m
  [1m[35m (0.2ms)[0m  [1m[35mALTER TABLE "posts" ADD "document_file_size" integer[0m
  [1m[35m (0.3ms)[0m  [1m[35mALTER TABLE "posts" ADD "document_updated_at" timestamp[0m
  [1m[35mSQL (0.3ms)[0m  [1m[32mINSERT INTO "schema_migrations" ("version") VALUES ($1) RETURNING "version"[0m  [["version", "20160722173529"]]
  [1m[35m (0.3ms)[0m  [1m[35mCOMMIT[0m
Migrating to AddAttachmentImageToPictures (20160722174443)
  [1m[35m (0.1ms)[0m  [1m[35mBEGIN[0m
DEPRECATION WARNING: Directly inheriting from ActiveRecord::Migration is deprecated. Please specify the Rails release the migration was written for:

  class AddAttachmentImageToPictures < ActiveRecord::Migration[4.2] (called from require at /Users/scottsouthard/Documents/Dev/samuel/bin/rails:9)
  [1m[35m (1.3ms)[0m  [1m[35mALTER TABLE "pictures" ADD "image_file_name" character varying[0m
  [1m[35m (0.2ms)[0m  [1m[35mALTER TABLE "pictures" ADD "image_content_type" character varying[0m
  [1m[35m (0.2ms)[0m  [1m[35mALTER TABLE "pictures" ADD "image_file_size" integer[0m
  [1m[35m (0.1ms)[0m  [1m[35mALTER TABLE "pictures" ADD "image_updated_at" timestamp[0m
  [1m[35mSQL (0.3ms)[0m  [1m[32mINSERT INTO "schema_migrations" ("version") VALUES ($1) RETURNING "version"[0m  [["version", "20160722174443"]]
  [1m[35m (0.3ms)[0m  [1m[35mCOMMIT[0m
  [1m[36mActiveRecord::InternalMetadata Load (0.3ms)[0m  [1m[34mSELECT  "ar_internal_metadata".* FROM "ar_internal_metadata" WHERE "ar_internal_metadata"."key" = $1 LIMIT $2[0m  [["key", :environment], ["LIMIT", 1]]
  [1m[35m (0.2ms)[0m  [1m[35mBEGIN[0m
  [1m[35mSQL (0.7ms)[0m  [1m[32mINSERT INTO "ar_internal_metadata" ("key", "value", "created_at", "updated_at") VALUES ($1, $2, $3, $4) RETURNING "key"[0m  [["key", "environment"], ["value", "development"], ["created_at", 2016-07-25 18:36:01 UTC], ["updated_at", 2016-07-25 18:36:01 UTC]]
  [1m[35m (0.4ms)[0m  [1m[35mCOMMIT[0m
  [1m[35m (0.2ms)[0m  [1m[34mSELECT pg_advisory_unlock(7060301001949651365)[0m
  [1m[36mActiveRecord::SchemaMigration Load (0.2ms)[0m  [1m[34mSELECT "schema_migrations".* FROM "schema_migrations"[0m
  [1m[35m (1.9ms)[0m  [1m[34mSELECT t2.oid::regclass::text AS to_table, a1.attname AS column, a2.attname AS primary_key, c.conname AS name, c.confupdtype AS on_update, c.confdeltype AS on_delete
FROM pg_constraint c
JOIN pg_class t1 ON c.conrelid = t1.oid
JOIN pg_class t2 ON c.confrelid = t2.oid
JOIN pg_attribute a1 ON a1.attnum = c.conkey[1] AND a1.attrelid = t1.oid
JOIN pg_attribute a2 ON a2.attnum = c.confkey[1] AND a2.attrelid = t2.oid
JOIN pg_namespace t3 ON c.connamespace = t3.oid
WHERE c.contype = 'f'
  AND t1.relname = 'pictures'
  AND t3.nspname = ANY (current_schemas(false))
ORDER BY c.conname
[0m
  [1m[35m (1.5ms)[0m  [1m[34mSELECT t2.oid::regclass::text AS to_table, a1.attname AS column, a2.attname AS primary_key, c.conname AS name, c.confupdtype AS on_update, c.confdeltype AS on_delete
FROM pg_constraint c
JOIN pg_class t1 ON c.conrelid = t1.oid
JOIN pg_class t2 ON c.confrelid = t2.oid
JOIN pg_attribute a1 ON a1.attnum = c.conkey[1] AND a1.attrelid = t1.oid
JOIN pg_attribute a2 ON a2.attnum = c.confkey[1] AND a2.attrelid = t2.oid
JOIN pg_namespace t3 ON c.connamespace = t3.oid
WHERE c.contype = 'f'
  AND t1.relname = 'posts'
  AND t3.nspname = ANY (current_schemas(false))
ORDER BY c.conname
[0m
  [1m[35m (1.5ms)[0m  [1m[34mSELECT t2.oid::regclass::text AS to_table, a1.attname AS column, a2.attname AS primary_key, c.conname AS name, c.confupdtype AS on_update, c.confdeltype AS on_delete
FROM pg_constraint c
JOIN pg_class t1 ON c.conrelid = t1.oid
JOIN pg_class t2 ON c.confrelid = t2.oid
JOIN pg_attribute a1 ON a1.attnum = c.conkey[1] AND a1.attrelid = t1.oid
JOIN pg_attribute a2 ON a2.attnum = c.confkey[1] AND a2.attrelid = t2.oid
JOIN pg_namespace t3 ON c.connamespace = t3.oid
WHERE c.contype = 'f'
  AND t1.relname = 'users'
  AND t3.nspname = ANY (current_schemas(false))
ORDER BY c.conname
[0m
Started GET "/" for ::1 at 2016-07-25 13:36:23 -0500
  [1m[36mActiveRecord::SchemaMigration Load (0.4ms)[0m  [1m[34mSELECT "schema_migrations".* FROM "schema_migrations"[0m
Processing by Rails::WelcomeController#index as HTML
  Parameters: {"internal"=>true}
  Rendering /Users/scottsouthard/.rbenv/versions/2.2.4/lib/ruby/gems/2.2.0/gems/railties-5.0.0/lib/rails/templates/rails/welcome/index.html.erb
  Rendered /Users/scottsouthard/.rbenv/versions/2.2.4/lib/ruby/gems/2.2.0/gems/railties-5.0.0/lib/rails/templates/rails/welcome/index.html.erb (5.9ms)
Completed 200 OK in 17ms (Views: 12.8ms | ActiveRecord: 0.0ms)


Started GET "/" for ::1 at 2016-07-25 13:37:38 -0500
Processing by PostsController#index as HTML
  [1m[36mPost Load (0.5ms)[0m  [1m[34mSELECT "posts".* FROM "posts"[0m
  Rendering posts/index.html.erb within layouts/application
  Rendered posts/index.html.erb within layouts/application (7.7ms)
Completed 200 OK in 828ms (Views: 814.2ms | ActiveRecord: 2.3ms)


Started GET "/" for ::1 at 2016-07-25 13:37:46 -0500
Processing by PostsController#index as HTML
  [1m[36mPost Load (0.5ms)[0m  [1m[34mSELECT "posts".* FROM "posts"[0m
  Rendering posts/index.html.erb within layouts/application
  Rendered posts/index.html.erb within layouts/application (10.5ms)
Completed 200 OK in 64ms (Views: 60.4ms | ActiveRecord: 0.5ms)


Started GET "/?month=2016-06" for ::1 at 2016-07-25 13:37:47 -0500
Processing by PostsController#index as HTML
  Parameters: {"month"=>"2016-06"}
  [1m[36mPost Load (0.7ms)[0m  [1m[34mSELECT "posts".* FROM "posts"[0m
  Rendering posts/index.html.erb within layouts/application
  Rendered posts/index.html.erb within layouts/application (3.3ms)
Completed 200 OK in 67ms (Views: 61.7ms | ActiveRecord: 0.7ms)


Started GET "/?month=2016-05" for ::1 at 2016-07-25 13:37:49 -0500
Processing by PostsController#index as HTML
  Parameters: {"month"=>"2016-05"}
  [1m[36mPost Load (0.4ms)[0m  [1m[34mSELECT "posts".* FROM "posts"[0m
  Rendering posts/index.html.erb within layouts/application
  Rendered posts/index.html.erb within layouts/application (10.2ms)
Completed 200 OK in 70ms (Views: 67.2ms | ActiveRecord: 0.4ms)


Started GET "/?month=2016-06" for ::1 at 2016-07-25 13:37:50 -0500
Processing by PostsController#index as HTML
  Parameters: {"month"=>"2016-06"}
  [1m[36mPost Load (0.5ms)[0m  [1m[34mSELECT "posts".* FROM "posts"[0m
  Rendering posts/index.html.erb within layouts/application
  Rendered posts/index.html.erb within layouts/application (2.4ms)
Completed 200 OK in 49ms (Views: 45.0ms | ActiveRecord: 0.5ms)


Started GET "/?month=2016-07" for ::1 at 2016-07-25 13:37:51 -0500
Processing by PostsController#index as HTML
  Parameters: {"month"=>"2016-07"}
  [1m[36mPost Load (0.4ms)[0m  [1m[34mSELECT "posts".* FROM "posts"[0m
  Rendering posts/index.html.erb within layouts/application
  Rendered posts/index.html.erb within layouts/application (4.8ms)
Completed 200 OK in 52ms (Views: 49.1ms | ActiveRecord: 0.4ms)


Started GET "/" for ::1 at 2016-07-25 13:37:52 -0500
Processing by PostsController#index as HTML
  [1m[36mPost Load (0.3ms)[0m  [1m[34mSELECT "posts".* FROM "posts"[0m
  Rendering posts/index.html.erb within layouts/application
  Rendered posts/index.html.erb within layouts/application (2.4ms)
Completed 200 OK in 34ms (Views: 31.6ms | ActiveRecord: 0.3ms)


Started GET "/" for ::1 at 2016-07-25 13:37:54 -0500
Processing by PostsController#index as HTML
  [1m[36mPost Load (0.2ms)[0m  [1m[34mSELECT "posts".* FROM "posts"[0m
  Rendering posts/index.html.erb within layouts/application
  Rendered posts/index.html.erb within layouts/application (3.4ms)
Completed 200 OK in 36ms (Views: 34.2ms | ActiveRecord: 0.2ms)


Started GET "/posts/new" for ::1 at 2016-07-25 13:37:56 -0500
Processing by PostsController#new as HTML
  Rendering posts/new.html.erb within layouts/application
  Rendered posts/new.html.erb within layouts/application (31.9ms)
Completed 200 OK in 69ms (Views: 56.7ms | ActiveRecord: 2.5ms)


Started POST "/posts" for ::1 at 2016-07-25 13:38:19 -0500
Processing by PostsController#create as HTML
  Parameters: {"utf8"=>"✓", "authenticity_token"=>"4FyEbUAvXKkLL9rWz1KHarGK++pkzU8N9wtDvRjSkFxF4cZuQkGJLhdO8OTzmD358zOdWTOdHqF6BfI+QlONmA==", "post"=>{"title"=>"fff", "description"=>"sdasfasfasf", "date"=>"2016-07-18", "document"=>#<ActionDispatch::Http::UploadedFile:0x007fc47e5da288 @tempfile=#<Tempfile:/var/folders/6z/kzsbjfl178v4xr56zp5_zh440000gn/T/RackMultipart20160725-11696-1e2kedy.png>, @original_filename="Screen Shot 2016-06-07 at 11.04.44 AM.png", @content_type="image/png", @headers="Content-Disposition: form-data; name=\"post[document]\"; filename=\"Screen Shot 2016-06-07 at 11.04.44 AM.png\"\r\nContent-Type: image/png\r\n">}, "images"=>[#<ActionDispatch::Http::UploadedFile:0x007fc47e5da008 @tempfile=#<Tempfile:/var/folders/6z/kzsbjfl178v4xr56zp5_zh440000gn/T/RackMultipart20160725-11696-hlvl0h.jpg>, @original_filename="12189567_10103157611872520_7670759578092459737_n.jpg", @content_type="image/jpeg", @headers="Content-Disposition: form-data; name=\"images[]\"; filename=\"12189567_10103157611872520_7670759578092459737_n.jpg\"\r\nContent-Type: image/jpeg\r\n">, #<ActionDispatch::Http::UploadedFile:0x007fc47e5d9f68 @tempfile=#<Tempfile:/var/folders/6z/kzsbjfl178v4xr56zp5_zh440000gn/T/RackMultipart20160725-11696-14fvbe4.jpg>, @original_filename="Brock-Lesnar-signs-WWE-extension.jpg", @content_type="image/jpeg", @headers="Content-Disposition: form-data; name=\"images[]\"; filename=\"Brock-Lesnar-signs-WWE-extension.jpg\"\r\nContent-Type: image/jpeg\r\n">], "commit"=>"Create Post"}
Unpermitted parameter: document
Command :: file -b --mime '/var/folders/6z/kzsbjfl178v4xr56zp5_zh440000gn/T/1058c40b451dc9486ac920a1a997978c20160725-11696-r0c01k.png'
  [1m[35m (0.1ms)[0m  [1m[35mBEGIN[0m
Command :: file -b --mime '/var/folders/6z/kzsbjfl178v4xr56zp5_zh440000gn/T/1058c40b451dc9486ac920a1a997978c20160725-11696-1ydgkec.png'
  [1m[35m (0.2ms)[0m  [1m[31mROLLBACK[0m
  Rendering posts/new.html.erb within layouts/application
  Rendered posts/new.html.erb within layouts/application (6.2ms)
Completed 200 OK in 64ms (Views: 30.9ms | ActiveRecord: 0.4ms)


Started POST "/posts" for ::1 at 2016-07-25 13:38:28 -0500
Processing by PostsController#create as HTML
  Parameters: {"utf8"=>"✓", "authenticity_token"=>"ysbnxBuwH6byC93AW42N/e5Huw6ca8MWDFlpOWYOJZlve6XHGd7KIe5q9/JnRzdurP7dvcs7krqBV9i6PI84XQ==", "post"=>{"title"=>"fff", "description"=>"sdasfasfasf", "date"=>"2016-07-18", "document"=>#<ActionDispatch::Http::UploadedFile:0x007fc47e168f10 @tempfile=#<Tempfile:/var/folders/6z/kzsbjfl178v4xr56zp5_zh440000gn/T/RackMultipart20160725-11696-ggtxsi.pdf>, @original_filename="ScottSouthardJellyvisionCoverLetter.pdf", @content_type="application/pdf", @headers="Content-Disposition: form-data; name=\"post[document]\"; filename=\"ScottSouthardJellyvisionCoverLetter.pdf\"\r\nContent-Type: application/pdf\r\n">}, "commit"=>"Create Post"}
Unpermitted parameter: document
Command :: file -b --mime '/var/folders/6z/kzsbjfl178v4xr56zp5_zh440000gn/T/bd54ec5fdb6e954234cbdef573d6221720160725-11696-s68dtx.pdf'
  [1m[35m (0.2ms)[0m  [1m[35mBEGIN[0m
Command :: file -b --mime '/var/folders/6z/kzsbjfl178v4xr56zp5_zh440000gn/T/bd54ec5fdb6e954234cbdef573d6221720160725-11696-a53otd.pdf'
  [1m[35mSQL (0.8ms)[0m  [1m[32mINSERT INTO "posts" ("title", "description", "date", "created_at", "updated_at", "document_file_name", "document_content_type", "document_file_size", "document_updated_at") VALUES ($1, $2, $3, $4, $5, $6, $7, $8, $9) RETURNING "id"[0m  [["title", "fff"], ["description", "sdasfasfasf"], ["date", Mon, 18 Jul 2016], ["created_at", 2016-07-25 18:38:28 UTC], ["updated_at", 2016-07-25 18:38:28 UTC], ["document_file_name", "ScottSouthardJellyvisionCoverLetter.pdf"], ["document_content_type", "application/pdf"], ["document_file_size", 104991], ["document_updated_at", 2016-07-25 18:38:28 UTC]]
  [1m[35m (5.4ms)[0m  [1m[35mCOMMIT[0m
Redirected to http://localhost:3000/
Completed 302 Found in 43ms (ActiveRecord: 6.3ms)


Started GET "/" for ::1 at 2016-07-25 13:38:28 -0500
Processing by PostsController#index as HTML
  [1m[36mPost Load (0.4ms)[0m  [1m[34mSELECT "posts".* FROM "posts"[0m
  Rendering posts/index.html.erb within layouts/application
  Rendered posts/index.html.erb within layouts/application (4.5ms)
Completed 200 OK in 37ms (Views: 34.1ms | ActiveRecord: 0.4ms)


Started GET "/posts/1" for ::1 at 2016-07-25 13:38:30 -0500
Processing by PostsController#show as HTML
  Parameters: {"id"=>"1"}
  [1m[36mPost Load (0.2ms)[0m  [1m[34mSELECT  "posts".* FROM "posts" WHERE "posts"."id" = $1 LIMIT $2[0m  [["id", 1], ["LIMIT", 1]]
  Rendering posts/show.html.erb within layouts/application
  [1m[36mPicture Load (0.3ms)[0m  [1m[34mSELECT "pictures".* FROM "pictures" WHERE "pictures"."post_id" = $1[0m  [["post_id", 1]]
  Rendered posts/show.html.erb within layouts/application (45.4ms)
Completed 200 OK in 82ms (Views: 73.0ms | ActiveRecord: 1.6ms)


Started GET "/" for ::1 at 2016-07-25 13:50:32 -0500
Processing by PostsController#index as HTML
  [1m[36mPost Load (0.8ms)[0m  [1m[34mSELECT "posts".* FROM "posts"[0m
  Rendering posts/index.html.erb within layouts/application
  Rendered posts/index.html.erb within layouts/application (2.6ms)
Completed 200 OK in 36ms (Views: 30.9ms | ActiveRecord: 0.8ms)


Started GET "/posts/new" for ::1 at 2016-07-25 13:50:35 -0500
Processing by PostsController#new as HTML
  Rendering posts/new.html.erb within layouts/application
  Rendered posts/new.html.erb within layouts/application (7.6ms)
Completed 200 OK in 32ms (Views: 32.0ms | ActiveRecord: 0.0ms)


Started POST "/posts" for ::1 at 2016-07-25 13:50:48 -0500
Processing by PostsController#create as HTML
  Parameters: {"utf8"=>"✓", "authenticity_token"=>"QzGTLz09D7TeHJV2Q8MWV/GlIXjfiNvAFlgcmnjAAxnmjNEsP1PaM8J9v0R/CazEsxxHy4jYimybVq0ZIkEe3Q==", "post"=>{"title"=>"fads", "description"=>"ggggg", "date"=>"2016-07-20"}, "images"=>[#<ActionDispatch::Http::UploadedFile:0x007fc4800b0f08 @tempfile=#<Tempfile:/var/folders/6z/kzsbjfl178v4xr56zp5_zh440000gn/T/RackMultipart20160725-11696-2n8cr5.jpg>, @original_filename="AAEAAQAAAAAAAAinAAAAJGUzMGVmMGJhLWQxOGUtNGJlOS04NWNkLTQ0YzYzODFhMzg3Ng.jpg", @content_type="image/jpeg", @headers="Content-Disposition: form-data; name=\"images[]\"; filename=\"AAEAAQAAAAAAAAinAAAAJGUzMGVmMGJhLWQxOGUtNGJlOS04NWNkLTQ0YzYzODFhMzg3Ng.jpg\"\r\nContent-Type: image/jpeg\r\n">], "commit"=>"Create Post"}
  [1m[35m (0.1ms)[0m  [1m[35mBEGIN[0m
  [1m[35mSQL (0.3ms)[0m  [1m[32mINSERT INTO "posts" ("title", "description", "date", "created_at", "updated_at") VALUES ($1, $2, $3, $4, $5) RETURNING "id"[0m  [["title", "fads"], ["description", "ggggg"], ["date", Wed, 20 Jul 2016], ["created_at", 2016-07-25 18:50:48 UTC], ["updated_at", 2016-07-25 18:50:48 UTC]]
  [1m[35m (1.2ms)[0m  [1m[35mCOMMIT[0m
  [1m[35m (0.2ms)[0m  [1m[35mBEGIN[0m
Command :: file -b --mime '/var/folders/6z/kzsbjfl178v4xr56zp5_zh440000gn/T/468c2de2d69234fd727bc41edea0eed420160725-11696-1wlfty1.jpg'
Command :: identify -format '%wx%h,%[exif:orientation]' '/var/folders/6z/kzsbjfl178v4xr56zp5_zh440000gn/T/468c2de2d69234fd727bc41edea0eed420160725-11696-1u5qtze.jpg[0]' 2>/dev/null
Command :: identify -format %m '/var/folders/6z/kzsbjfl178v4xr56zp5_zh440000gn/T/468c2de2d69234fd727bc41edea0eed420160725-11696-1u5qtze.jpg[0]'
Command :: convert '/var/folders/6z/kzsbjfl178v4xr56zp5_zh440000gn/T/468c2de2d69234fd727bc41edea0eed420160725-11696-1u5qtze.jpg[0]' -auto-orient -resize "900x900>" '/var/folders/6z/kzsbjfl178v4xr56zp5_zh440000gn/T/dc3ca546286a119154ec0678a8e3f1df20160725-11696-89uql6'
Command :: identify -format '%wx%h,%[exif:orientation]' '/var/folders/6z/kzsbjfl178v4xr56zp5_zh440000gn/T/468c2de2d69234fd727bc41edea0eed420160725-11696-1u5qtze.jpg[0]' 2>/dev/null
Command :: identify -format %m '/var/folders/6z/kzsbjfl178v4xr56zp5_zh440000gn/T/468c2de2d69234fd727bc41edea0eed420160725-11696-1u5qtze.jpg[0]'
Command :: convert '/var/folders/6z/kzsbjfl178v4xr56zp5_zh440000gn/T/468c2de2d69234fd727bc41edea0eed420160725-11696-1u5qtze.jpg[0]' -auto-orient -resize "300x300>" '/var/folders/6z/kzsbjfl178v4xr56zp5_zh440000gn/T/dc3ca546286a119154ec0678a8e3f1df20160725-11696-1jxy6aj'
Command :: file -b --mime '/var/folders/6z/kzsbjfl178v4xr56zp5_zh440000gn/T/468c2de2d69234fd727bc41edea0eed420160725-11696-1s4c6v5.jpg'
  [1m[35mSQL (0.6ms)[0m  [1m[32mINSERT INTO "pictures" ("post_id", "created_at", "updated_at", "image_file_name", "image_content_type", "image_file_size", "image_updated_at") VALUES ($1, $2, $3, $4, $5, $6, $7) RETURNING "id"[0m  [["post_id", 2], ["created_at", 2016-07-25 18:50:49 UTC], ["updated_at", 2016-07-25 18:50:49 UTC], ["image_file_name", "AAEAAQAAAAAAAAinAAAAJGUzMGVmMGJhLWQxOGUtNGJlOS04NWNkLTQ0YzYzODFhMzg3Ng.jpg"], ["image_content_type", "image/jpeg"], ["image_file_size", 26627], ["image_updated_at", 2016-07-25 18:50:48 UTC]]
  [1m[35m (6.2ms)[0m  [1m[35mCOMMIT[0m
Redirected to http://localhost:3000/
Completed 302 Found in 198ms (ActiveRecord: 11.2ms)


Started GET "/" for ::1 at 2016-07-25 13:50:49 -0500
Processing by PostsController#index as HTML
  [1m[36mPost Load (0.3ms)[0m  [1m[34mSELECT "posts".* FROM "posts"[0m
  Rendering posts/index.html.erb within layouts/application
  Rendered posts/index.html.erb within layouts/application (5.8ms)
Completed 200 OK in 40ms (Views: 36.3ms | ActiveRecord: 0.3ms)


Started GET "/posts/2" for ::1 at 2016-07-25 13:50:50 -0500
Processing by PostsController#show as HTML
  Parameters: {"id"=>"2"}
  [1m[36mPost Load (0.2ms)[0m  [1m[34mSELECT  "posts".* FROM "posts" WHERE "posts"."id" = $1 LIMIT $2[0m  [["id", 2], ["LIMIT", 1]]
  Rendering posts/show.html.erb within layouts/application
  [1m[36mPicture Load (1.0ms)[0m  [1m[34mSELECT "pictures".* FROM "pictures" WHERE "pictures"."post_id" = $1[0m  [["post_id", 2]]
  Rendered posts/show.html.erb within layouts/application (6.8ms)
Completed 200 OK in 50ms (Views: 46.8ms | ActiveRecord: 1.2ms)


Started GET "/" for ::1 at 2016-07-25 13:50:55 -0500
Processing by PostsController#index as HTML
  [1m[36mPost Load (0.3ms)[0m  [1m[34mSELECT "posts".* FROM "posts"[0m
  Rendering posts/index.html.erb within layouts/application
  Rendered posts/index.html.erb within layouts/application (3.6ms)
Completed 200 OK in 39ms (Views: 36.9ms | ActiveRecord: 0.3ms)


Started GET "/posts/new" for ::1 at 2016-07-25 13:50:58 -0500
Processing by PostsController#new as HTML
  Rendering posts/new.html.erb within layouts/application
  Rendered posts/new.html.erb within layouts/application (15.7ms)
Completed 200 OK in 44ms (Views: 43.4ms | ActiveRecord: 0.0ms)


Started POST "/posts" for ::1 at 2016-07-25 13:51:17 -0500
Processing by PostsController#create as HTML
  Parameters: {"utf8"=>"✓", "authenticity_token"=>"flx9KOEYAm5qQ/qYTxnQ60qN+Xo6j/0kACERIwmGhoXb4T8r43bX6XYi0Kpz02p4CDSfyW3frIiNL6CgUwebQQ==", "post"=>{"title"=>"rrrrrr", "description"=>"dddse", "date"=>"2016-07-08"}, "images"=>[#<ActionDispatch::Http::UploadedFile:0x007fc47a38a1f8 @tempfile=#<Tempfile:/var/folders/6z/kzsbjfl178v4xr56zp5_zh440000gn/T/RackMultipart20160725-11696-1tjmdy1.JPG>, @original_filename="image1.JPG", @content_type="image/jpeg", @headers="Content-Disposition: form-data; name=\"images[]\"; filename=\"image1.JPG\"\r\nContent-Type: image/jpeg\r\n">, #<ActionDispatch::Http::UploadedFile:0x007fc47a38a1d0 @tempfile=#<Tempfile:/var/folders/6z/kzsbjfl178v4xr56zp5_zh440000gn/T/RackMultipart20160725-11696-x1ms1f.JPG>, @original_filename="image2.JPG", @content_type="image/jpeg", @headers="Content-Disposition: form-data; name=\"images[]\"; filename=\"image2.JPG\"\r\nContent-Type: image/jpeg\r\n">], "commit"=>"Create Post"}
  [1m[35m (0.1ms)[0m  [1m[35mBEGIN[0m
  [1m[35mSQL (0.3ms)[0m  [1m[32mINSERT INTO "posts" ("title", "description", "date", "created_at", "updated_at") VALUES ($1, $2, $3, $4, $5) RETURNING "id"[0m  [["title", "rrrrrr"], ["description", "dddse"], ["date", Fri, 08 Jul 2016], ["created_at", 2016-07-25 18:51:17 UTC], ["updated_at", 2016-07-25 18:51:17 UTC]]
  [1m[35m (0.3ms)[0m  [1m[35mCOMMIT[0m
  [1m[35m (0.1ms)[0m  [1m[35mBEGIN[0m
Command :: file -b --mime '/var/folders/6z/kzsbjfl178v4xr56zp5_zh440000gn/T/b5e7d988cfdb78bc3be1a9c221a8f74420160725-11696-37ie6q.JPG'
Command :: identify -format '%wx%h,%[exif:orientation]' '/var/folders/6z/kzsbjfl178v4xr56zp5_zh440000gn/T/b5e7d988cfdb78bc3be1a9c221a8f74420160725-11696-1vfqyaw.JPG[0]' 2>/dev/null
Command :: identify -format %m '/var/folders/6z/kzsbjfl178v4xr56zp5_zh440000gn/T/b5e7d988cfdb78bc3be1a9c221a8f74420160725-11696-1vfqyaw.JPG[0]'
Command :: convert '/var/folders/6z/kzsbjfl178v4xr56zp5_zh440000gn/T/b5e7d988cfdb78bc3be1a9c221a8f74420160725-11696-1vfqyaw.JPG[0]' -auto-orient -resize "900x900>" '/var/folders/6z/kzsbjfl178v4xr56zp5_zh440000gn/T/fa0dd7fbd599b943d92cc65fa7d806dc20160725-11696-1scfncl'
Command :: identify -format '%wx%h,%[exif:orientation]' '/var/folders/6z/kzsbjfl178v4xr56zp5_zh440000gn/T/b5e7d988cfdb78bc3be1a9c221a8f74420160725-11696-1vfqyaw.JPG[0]' 2>/dev/null
Command :: identify -format %m '/var/folders/6z/kzsbjfl178v4xr56zp5_zh440000gn/T/b5e7d988cfdb78bc3be1a9c221a8f74420160725-11696-1vfqyaw.JPG[0]'
Command :: convert '/var/folders/6z/kzsbjfl178v4xr56zp5_zh440000gn/T/b5e7d988cfdb78bc3be1a9c221a8f74420160725-11696-1vfqyaw.JPG[0]' -auto-orient -resize "300x300>" '/var/folders/6z/kzsbjfl178v4xr56zp5_zh440000gn/T/fa0dd7fbd599b943d92cc65fa7d806dc20160725-11696-m2kzzx'
Command :: file -b --mime '/var/folders/6z/kzsbjfl178v4xr56zp5_zh440000gn/T/b5e7d988cfdb78bc3be1a9c221a8f74420160725-11696-yi5ncz.JPG'
  [1m[35mSQL (0.3ms)[0m  [1m[32mINSERT INTO "pictures" ("post_id", "created_at", "updated_at", "image_file_name", "image_content_type", "image_file_size", "image_updated_at") VALUES ($1, $2, $3, $4, $5, $6, $7) RETURNING "id"[0m  [["post_id", 3], ["created_at", 2016-07-25 18:51:19 UTC], ["updated_at", 2016-07-25 18:51:19 UTC], ["image_file_name", "image1.JPG"], ["image_content_type", "image/jpeg"], ["image_file_size", 1113892], ["image_updated_at", 2016-07-25 18:51:17 UTC]]
  [1m[35m (5.8ms)[0m  [1m[35mCOMMIT[0m
  [1m[35m (0.1ms)[0m  [1m[35mBEGIN[0m
Command :: file -b --mime '/var/folders/6z/kzsbjfl178v4xr56zp5_zh440000gn/T/943359f44dc87f6a1679c987280e8dc720160725-11696-u01f1g.JPG'
Command :: identify -format '%wx%h,%[exif:orientation]' '/var/folders/6z/kzsbjfl178v4xr56zp5_zh440000gn/T/943359f44dc87f6a1679c987280e8dc720160725-11696-14ot3if.JPG[0]' 2>/dev/null
Command :: identify -format %m '/var/folders/6z/kzsbjfl178v4xr56zp5_zh440000gn/T/943359f44dc87f6a1679c987280e8dc720160725-11696-14ot3if.JPG[0]'
Command :: convert '/var/folders/6z/kzsbjfl178v4xr56zp5_zh440000gn/T/943359f44dc87f6a1679c987280e8dc720160725-11696-14ot3if.JPG[0]' -auto-orient -resize "900x900>" '/var/folders/6z/kzsbjfl178v4xr56zp5_zh440000gn/T/e2695f9c42be836b03f7683a65100fd220160725-11696-d9qv84'
Command :: identify -format '%wx%h,%[exif:orientation]' '/var/folders/6z/kzsbjfl178v4xr56zp5_zh440000gn/T/943359f44dc87f6a1679c987280e8dc720160725-11696-14ot3if.JPG[0]' 2>/dev/null
Command :: identify -format %m '/var/folders/6z/kzsbjfl178v4xr56zp5_zh440000gn/T/943359f44dc87f6a1679c987280e8dc720160725-11696-14ot3if.JPG[0]'
Command :: convert '/var/folders/6z/kzsbjfl178v4xr56zp5_zh440000gn/T/943359f44dc87f6a1679c987280e8dc720160725-11696-14ot3if.JPG[0]' -auto-orient -resize "300x300>" '/var/folders/6z/kzsbjfl178v4xr56zp5_zh440000gn/T/e2695f9c42be836b03f7683a65100fd220160725-11696-5eayfg'
Command :: file -b --mime '/var/folders/6z/kzsbjfl178v4xr56zp5_zh440000gn/T/943359f44dc87f6a1679c987280e8dc720160725-11696-fihihi.JPG'
  [1m[35mSQL (0.5ms)[0m  [1m[32mINSERT INTO "pictures" ("post_id", "created_at", "updated_at", "image_file_name", "image_content_type", "image_file_size", "image_updated_at") VALUES ($1, $2, $3, $4, $5, $6, $7) RETURNING "id"[0m  [["post_id", 3], ["created_at", 2016-07-25 18:51:20 UTC], ["updated_at", 2016-07-25 18:51:20 UTC], ["image_file_name", "image2.JPG"], ["image_content_type", "image/jpeg"], ["image_file_size", 1156530], ["image_updated_at", 2016-07-25 18:51:19 UTC]]
  [1m[35m (6.3ms)[0m  [1m[35mCOMMIT[0m
Redirected to http://localhost:3000/
Completed 302 Found in 2871ms (ActiveRecord: 13.9ms)


Started GET "/" for ::1 at 2016-07-25 13:51:20 -0500
Processing by PostsController#index as HTML
  [1m[36mPost Load (2.4ms)[0m  [1m[34mSELECT "posts".* FROM "posts"[0m
  Rendering posts/index.html.erb within layouts/application
  Rendered posts/index.html.erb within layouts/application (5.6ms)
Completed 200 OK in 48ms (Views: 41.1ms | ActiveRecord: 2.4ms)


Started GET "/posts/3" for ::1 at 2016-07-25 13:51:22 -0500
Processing by PostsController#show as HTML
  Parameters: {"id"=>"3"}
  [1m[36mPost Load (0.4ms)[0m  [1m[34mSELECT  "posts".* FROM "posts" WHERE "posts"."id" = $1 LIMIT $2[0m  [["id", 3], ["LIMIT", 1]]
  Rendering posts/show.html.erb within layouts/application
  [1m[36mPicture Load (0.2ms)[0m  [1m[34mSELECT "pictures".* FROM "pictures" WHERE "pictures"."post_id" = $1[0m  [["post_id", 3]]
  Rendered posts/show.html.erb within layouts/application (3.6ms)
Completed 200 OK in 45ms (Views: 40.1ms | ActiveRecord: 0.6ms)


Started GET "/posts/3" for ::1 at 2016-07-25 14:11:08 -0500
  [1m[36mActiveRecord::SchemaMigration Load (0.5ms)[0m  [1m[34mSELECT "schema_migrations".* FROM "schema_migrations"[0m
Processing by PostsController#show as HTML
  Parameters: {"id"=>"3"}
  [1m[36mPost Load (0.5ms)[0m  [1m[34mSELECT  "posts".* FROM "posts" WHERE "posts"."id" = $1 LIMIT $2[0m  [["id", 3], ["LIMIT", 1]]
  Rendering posts/show.html.erb within layouts/application
  [1m[36mPicture Load (0.3ms)[0m  [1m[34mSELECT "pictures".* FROM "pictures" WHERE "pictures"."post_id" = $1[0m  [["post_id", 3]]
  Rendered posts/show.html.erb within layouts/application (55.9ms)
Completed 200 OK in 370ms (Views: 327.5ms | ActiveRecord: 8.1ms)


Started GET "/" for ::1 at 2016-07-25 14:11:10 -0500
Processing by PostsController#index as HTML
  [1m[36mPost Load (0.3ms)[0m  [1m[34mSELECT "posts".* FROM "posts"[0m
  Rendering posts/index.html.erb within layouts/application
  Rendered posts/index.html.erb within layouts/application (3.3ms)
Completed 200 OK in 30ms (Views: 26.6ms | ActiveRecord: 0.3ms)


Started GET "/posts/2" for ::1 at 2016-07-25 14:11:12 -0500
Processing by PostsController#show as HTML
  Parameters: {"id"=>"2"}
  [1m[36mPost Load (0.6ms)[0m  [1m[34mSELECT  "posts".* FROM "posts" WHERE "posts"."id" = $1 LIMIT $2[0m  [["id", 2], ["LIMIT", 1]]
  Rendering posts/show.html.erb within layouts/application
  [1m[36mPicture Load (0.4ms)[0m  [1m[34mSELECT "pictures".* FROM "pictures" WHERE "pictures"."post_id" = $1[0m  [["post_id", 2]]
  Rendered posts/show.html.erb within layouts/application (2.9ms)
Completed 200 OK in 32ms (Views: 28.3ms | ActiveRecord: 1.0ms)


Started GET "/" for ::1 at 2016-07-25 14:11:14 -0500
Processing by PostsController#index as HTML
  [1m[36mPost Load (0.5ms)[0m  [1m[34mSELECT "posts".* FROM "posts"[0m
  Rendering posts/index.html.erb within layouts/application
  Rendered posts/index.html.erb within layouts/application (3.5ms)
Completed 200 OK in 65ms (Views: 62.5ms | ActiveRecord: 0.5ms)


Started GET "/posts/new" for ::1 at 2016-07-25 14:11:16 -0500
Processing by PostsController#new as HTML
  Rendering posts/new.html.erb within layouts/application
  Rendered posts/new.html.erb within layouts/application (36.3ms)
Completed 200 OK in 65ms (Views: 64.5ms | ActiveRecord: 0.0ms)


Started POST "/posts" for ::1 at 2016-07-25 14:11:39 -0500
Processing by PostsController#create as HTML
  Parameters: {"utf8"=>"✓", "authenticity_token"=>"CnTLLhLKX/tVxrdKB6eiuKKQ5SHuAkP+jdzylz5OTGqKxXuLt3UjBYQLwwN5aDwMqVDcsvP76GtKiL1sGw/MIw==", "post"=>{"title"=>"dddd", "description"=>"sadfasdfasdf", "date"=>"2016-07-06", "document"=>#<ActionDispatch::Http::UploadedFile:0x007fe602a8cab0 @tempfile=#<Tempfile:/var/folders/6z/kzsbjfl178v4xr56zp5_zh440000gn/T/RackMultipart20160725-12067-m4xqau.pdf>, @original_filename="ChiaraNOcat.pdf", @content_type="application/pdf", @headers="Content-Disposition: form-data; name=\"post[document]\"; filename=\"ChiaraNOcat.pdf\"\r\nContent-Type: application/pdf\r\n">}, "images"=>[#<ActionDispatch::Http::UploadedFile:0x007fe602a8c1f0 @tempfile=#<Tempfile:/var/folders/6z/kzsbjfl178v4xr56zp5_zh440000gn/T/RackMultipart20160725-12067-y1iele.JPG>, @original_filename="image1.JPG", @content_type="image/jpeg", @headers="Content-Disposition: form-data; name=\"images[]\"; filename=\"image1.JPG\"\r\nContent-Type: image/jpeg\r\n">, #<ActionDispatch::Http::UploadedFile:0x007fe602a8c060 @tempfile=#<Tempfile:/var/folders/6z/kzsbjfl178v4xr56zp5_zh440000gn/T/RackMultipart20160725-12067-eblzd9.JPG>, @original_filename="image2.JPG", @content_type="image/jpeg", @headers="Content-Disposition: form-data; name=\"images[]\"; filename=\"image2.JPG\"\r\nContent-Type: image/jpeg\r\n">], "commit"=>"Create Post"}
Unpermitted parameter: document
Command :: PATH=/usr/local/bin/:$PATH; file -b --mime '/var/folders/6z/kzsbjfl178v4xr56zp5_zh440000gn/T/a21ca7e5b2c500342bbe32f085ee12cc20160725-12067-hj0rv3.pdf'
  [1m[35m (0.2ms)[0m  [1m[35mBEGIN[0m
Command :: PATH=/usr/local/bin/:$PATH; file -b --mime '/var/folders/6z/kzsbjfl178v4xr56zp5_zh440000gn/T/a21ca7e5b2c500342bbe32f085ee12cc20160725-12067-1o3wrzj.pdf'
  [1m[35mSQL (0.8ms)[0m  [1m[32mINSERT INTO "posts" ("title", "description", "date", "created_at", "updated_at", "document_file_name", "document_content_type", "document_file_size", "document_updated_at") VALUES ($1, $2, $3, $4, $5, $6, $7, $8, $9) RETURNING "id"[0m  [["title", "dddd"], ["description", "sadfasdfasdf"], ["date", Wed, 06 Jul 2016], ["created_at", 2016-07-25 19:11:39 UTC], ["updated_at", 2016-07-25 19:11:39 UTC], ["document_file_name", "ChiaraNOcat.pdf"], ["document_content_type", "application/pdf"], ["document_file_size", 31625903], ["document_updated_at", 2016-07-25 19:11:39 UTC]]
  [1m[35m (6.2ms)[0m  [1m[35mCOMMIT[0m
  [1m[35m (0.7ms)[0m  [1m[35mBEGIN[0m
Command :: PATH=/usr/local/bin/:$PATH; file -b --mime '/var/folders/6z/kzsbjfl178v4xr56zp5_zh440000gn/T/b5e7d988cfdb78bc3be1a9c221a8f74420160725-12067-vm2s2u.JPG'
Command :: PATH=/usr/local/bin/:$PATH; identify -format '%wx%h,%[exif:orientation]' '/var/folders/6z/kzsbjfl178v4xr56zp5_zh440000gn/T/b5e7d988cfdb78bc3be1a9c221a8f74420160725-12067-1rc1tcd.JPG[0]' 2>/dev/null
Command :: PATH=/usr/local/bin/:$PATH; identify -format %m '/var/folders/6z/kzsbjfl178v4xr56zp5_zh440000gn/T/b5e7d988cfdb78bc3be1a9c221a8f74420160725-12067-1rc1tcd.JPG[0]'
Command :: PATH=/usr/local/bin/:$PATH; convert '/var/folders/6z/kzsbjfl178v4xr56zp5_zh440000gn/T/b5e7d988cfdb78bc3be1a9c221a8f74420160725-12067-1rc1tcd.JPG[0]' -auto-orient -resize "900x900>" '/var/folders/6z/kzsbjfl178v4xr56zp5_zh440000gn/T/0764ff046ca2ce7a232e2a4e2bc3856120160725-12067-1mx13c9'
Command :: PATH=/usr/local/bin/:$PATH; identify -format '%wx%h,%[exif:orientation]' '/var/folders/6z/kzsbjfl178v4xr56zp5_zh440000gn/T/b5e7d988cfdb78bc3be1a9c221a8f74420160725-12067-1rc1tcd.JPG[0]' 2>/dev/null
Command :: PATH=/usr/local/bin/:$PATH; identify -format %m '/var/folders/6z/kzsbjfl178v4xr56zp5_zh440000gn/T/b5e7d988cfdb78bc3be1a9c221a8f74420160725-12067-1rc1tcd.JPG[0]'
Command :: PATH=/usr/local/bin/:$PATH; convert '/var/folders/6z/kzsbjfl178v4xr56zp5_zh440000gn/T/b5e7d988cfdb78bc3be1a9c221a8f74420160725-12067-1rc1tcd.JPG[0]' -auto-orient -resize "300x300>" '/var/folders/6z/kzsbjfl178v4xr56zp5_zh440000gn/T/0764ff046ca2ce7a232e2a4e2bc3856120160725-12067-1m4u4ru'
Command :: PATH=/usr/local/bin/:$PATH; file -b --mime '/var/folders/6z/kzsbjfl178v4xr56zp5_zh440000gn/T/b5e7d988cfdb78bc3be1a9c221a8f74420160725-12067-1qhyrwo.JPG'
  [1m[35mSQL (0.5ms)[0m  [1m[32mINSERT INTO "pictures" ("post_id", "created_at", "updated_at", "image_file_name", "image_content_type", "image_file_size", "image_updated_at") VALUES ($1, $2, $3, $4, $5, $6, $7) RETURNING "id"[0m  [["post_id", 4], ["created_at", 2016-07-25 19:11:41 UTC], ["updated_at", 2016-07-25 19:11:41 UTC], ["image_file_name", "image1.JPG"], ["image_content_type", "image/jpeg"], ["image_file_size", 1113892], ["image_updated_at", 2016-07-25 19:11:39 UTC]]
  [1m[35m (6.1ms)[0m  [1m[35mCOMMIT[0m
  [1m[35m (0.2ms)[0m  [1m[35mBEGIN[0m
Command :: PATH=/usr/local/bin/:$PATH; file -b --mime '/var/folders/6z/kzsbjfl178v4xr56zp5_zh440000gn/T/943359f44dc87f6a1679c987280e8dc720160725-12067-19wxbwk.JPG'
Command :: PATH=/usr/local/bin/:$PATH; identify -format '%wx%h,%[exif:orientation]' '/var/folders/6z/kzsbjfl178v4xr56zp5_zh440000gn/T/943359f44dc87f6a1679c987280e8dc720160725-12067-13zwpu2.JPG[0]' 2>/dev/null
Command :: PATH=/usr/local/bin/:$PATH; identify -format %m '/var/folders/6z/kzsbjfl178v4xr56zp5_zh440000gn/T/943359f44dc87f6a1679c987280e8dc720160725-12067-13zwpu2.JPG[0]'
Command :: PATH=/usr/local/bin/:$PATH; convert '/var/folders/6z/kzsbjfl178v4xr56zp5_zh440000gn/T/943359f44dc87f6a1679c987280e8dc720160725-12067-13zwpu2.JPG[0]' -auto-orient -resize "900x900>" '/var/folders/6z/kzsbjfl178v4xr56zp5_zh440000gn/T/1408e159236871ccd98544f9df70515c20160725-12067-wxdemn'
Command :: PATH=/usr/local/bin/:$PATH; identify -format '%wx%h,%[exif:orientation]' '/var/folders/6z/kzsbjfl178v4xr56zp5_zh440000gn/T/943359f44dc87f6a1679c987280e8dc720160725-12067-13zwpu2.JPG[0]' 2>/dev/null
Command :: PATH=/usr/local/bin/:$PATH; identify -format %m '/var/folders/6z/kzsbjfl178v4xr56zp5_zh440000gn/T/943359f44dc87f6a1679c987280e8dc720160725-12067-13zwpu2.JPG[0]'
Command :: PATH=/usr/local/bin/:$PATH; convert '/var/folders/6z/kzsbjfl178v4xr56zp5_zh440000gn/T/943359f44dc87f6a1679c987280e8dc720160725-12067-13zwpu2.JPG[0]' -auto-orient -resize "300x300>" '/var/folders/6z/kzsbjfl178v4xr56zp5_zh440000gn/T/1408e159236871ccd98544f9df70515c20160725-12067-h2ngff'
Command :: PATH=/usr/local/bin/:$PATH; file -b --mime '/var/folders/6z/kzsbjfl178v4xr56zp5_zh440000gn/T/943359f44dc87f6a1679c987280e8dc720160725-12067-1be6k38.JPG'
  [1m[35mSQL (0.8ms)[0m  [1m[32mINSERT INTO "pictures" ("post_id", "created_at", "updated_at", "image_file_name", "image_content_type", "image_file_size", "image_updated_at") VALUES ($1, $2, $3, $4, $5, $6, $7) RETURNING "id"[0m  [["post_id", 4], ["created_at", 2016-07-25 19:11:42 UTC], ["updated_at", 2016-07-25 19:11:42 UTC], ["image_file_name", "image2.JPG"], ["image_content_type", "image/jpeg"], ["image_file_size", 1156530], ["image_updated_at", 2016-07-25 19:11:41 UTC]]
  [1m[35m (6.3ms)[0m  [1m[35mCOMMIT[0m
Redirected to http://localhost:3000/
Completed 302 Found in 3094ms (ActiveRecord: 21.7ms)


Started GET "/" for ::1 at 2016-07-25 14:11:42 -0500
Processing by PostsController#index as HTML
  [1m[36mPost Load (0.3ms)[0m  [1m[34mSELECT "posts".* FROM "posts"[0m
  Rendering posts/index.html.erb within layouts/application
  Rendered posts/index.html.erb within layouts/application (3.4ms)
Completed 200 OK in 119ms (Views: 115.0ms | ActiveRecord: 0.3ms)


Started GET "/posts/3" for ::1 at 2016-07-25 14:11:44 -0500
Processing by PostsController#show as HTML
  Parameters: {"id"=>"3"}
  [1m[36mPost Load (0.3ms)[0m  [1m[34mSELECT  "posts".* FROM "posts" WHERE "posts"."id" = $1 LIMIT $2[0m  [["id", 3], ["LIMIT", 1]]
  Rendering posts/show.html.erb within layouts/application
  [1m[36mPicture Load (0.4ms)[0m  [1m[34mSELECT "pictures".* FROM "pictures" WHERE "pictures"."post_id" = $1[0m  [["post_id", 3]]
  Rendered posts/show.html.erb within layouts/application (6.3ms)
Completed 200 OK in 31ms (Views: 27.6ms | ActiveRecord: 0.7ms)


Started GET "/" for ::1 at 2016-07-25 14:11:48 -0500
Processing by PostsController#index as HTML
  [1m[36mPost Load (0.3ms)[0m  [1m[34mSELECT "posts".* FROM "posts"[0m
  Rendering posts/index.html.erb within layouts/application
  Rendered posts/index.html.erb within layouts/application (3.2ms)
Completed 200 OK in 31ms (Views: 28.6ms | ActiveRecord: 0.3ms)


Started GET "/posts/4" for ::1 at 2016-07-25 14:11:49 -0500
Processing by PostsController#show as HTML
  Parameters: {"id"=>"4"}
  [1m[36mPost Load (0.6ms)[0m  [1m[34mSELECT  "posts".* FROM "posts" WHERE "posts"."id" = $1 LIMIT $2[0m  [["id", 4], ["LIMIT", 1]]
  Rendering posts/show.html.erb within layouts/application
  [1m[36mPicture Load (0.5ms)[0m  [1m[34mSELECT "pictures".* FROM "pictures" WHERE "pictures"."post_id" = $1[0m  [["post_id", 4]]
  Rendered posts/show.html.erb within layouts/application (7.8ms)
Completed 200 OK in 66ms (Views: 62.9ms | ActiveRecord: 1.1ms)


Started GET "/" for ::1 at 2016-07-25 14:11:55 -0500
Processing by PostsController#index as HTML
  [1m[36mPost Load (0.7ms)[0m  [1m[34mSELECT "posts".* FROM "posts"[0m
  Rendering posts/index.html.erb within layouts/application
  Rendered posts/index.html.erb within layouts/application (4.0ms)
Completed 200 OK in 39ms (Views: 34.0ms | ActiveRecord: 0.7ms)


Started GET "/" for ::1 at 2016-07-25 15:45:34 -0500
  [1m[36mActiveRecord::SchemaMigration Load (6.3ms)[0m  [1m[34mSELECT "schema_migrations".* FROM "schema_migrations"[0m
Processing by PostsController#index as HTML
  [1m[36mPost Load (0.6ms)[0m  [1m[34mSELECT "posts".* FROM "posts"[0m
Completed 500 Internal Server Error in 74ms (ActiveRecord: 4.9ms)


  
NameError (undefined local variable or method `date' for #<PostsController:0x007f85fabf36f0>):
  
app/controllers/posts_controller.rb:4:in `index'
  Rendering /Users/scottsouthard/.rbenv/versions/2.2.4/lib/ruby/gems/2.2.0/gems/actionpack-5.0.0/lib/action_dispatch/middleware/templates/rescues/diagnostics.html.erb within rescues/layout
  Rendering /Users/scottsouthard/.rbenv/versions/2.2.4/lib/ruby/gems/2.2.0/gems/actionpack-5.0.0/lib/action_dispatch/middleware/templates/rescues/_source.html.erb
  Rendered /Users/scottsouthard/.rbenv/versions/2.2.4/lib/ruby/gems/2.2.0/gems/actionpack-5.0.0/lib/action_dispatch/middleware/templates/rescues/_source.html.erb (4.1ms)
  Rendering /Users/scottsouthard/.rbenv/versions/2.2.4/lib/ruby/gems/2.2.0/gems/actionpack-5.0.0/lib/action_dispatch/middleware/templates/rescues/_trace.html.erb
  Rendered /Users/scottsouthard/.rbenv/versions/2.2.4/lib/ruby/gems/2.2.0/gems/actionpack-5.0.0/lib/action_dispatch/middleware/templates/rescues/_trace.html.erb (1.9ms)
  Rendering /Users/scottsouthard/.rbenv/versions/2.2.4/lib/ruby/gems/2.2.0/gems/actionpack-5.0.0/lib/action_dispatch/middleware/templates/rescues/_request_and_response.html.erb
  Rendered /Users/scottsouthard/.rbenv/versions/2.2.4/lib/ruby/gems/2.2.0/gems/actionpack-5.0.0/lib/action_dispatch/middleware/templates/rescues/_request_and_response.html.erb (10.2ms)
  Rendered /Users/scottsouthard/.rbenv/versions/2.2.4/lib/ruby/gems/2.2.0/gems/actionpack-5.0.0/lib/action_dispatch/middleware/templates/rescues/diagnostics.html.erb within rescues/layout (121.3ms)
  [1m[36mPost Load (0.6ms)[0m  [1m[34mSELECT "posts".* FROM "posts" WHERE "posts"."title" = $1[0m  [["title", "fartboy"]]
  [1m[36mPost Load (0.4ms)[0m  [1m[34mSELECT "posts".* FROM "posts" WHERE "posts"."date" = $1[0m  [["date", Mon, 25 Jul 2016 15:48:13 -0500]]
Started GET "/" for ::1 at 2016-07-25 15:48:22 -0500
Processing by PostsController#index as HTML
  [1m[36mPost Load (0.3ms)[0m  [1m[34mSELECT "posts".* FROM "posts"[0m
Completed 500 Internal Server Error in 42ms (ActiveRecord: 0.3ms)


  
NameError (undefined local variable or method `date' for #<PostsController:0x007f85fa1a2200>):
  
app/controllers/posts_controller.rb:4:in `index'
  Rendering /Users/scottsouthard/.rbenv/versions/2.2.4/lib/ruby/gems/2.2.0/gems/actionpack-5.0.0/lib/action_dispatch/middleware/templates/rescues/diagnostics.html.erb within rescues/layout
  Rendering /Users/scottsouthard/.rbenv/versions/2.2.4/lib/ruby/gems/2.2.0/gems/actionpack-5.0.0/lib/action_dispatch/middleware/templates/rescues/_source.html.erb
  Rendered /Users/scottsouthard/.rbenv/versions/2.2.4/lib/ruby/gems/2.2.0/gems/actionpack-5.0.0/lib/action_dispatch/middleware/templates/rescues/_source.html.erb (4.8ms)
  Rendering /Users/scottsouthard/.rbenv/versions/2.2.4/lib/ruby/gems/2.2.0/gems/actionpack-5.0.0/lib/action_dispatch/middleware/templates/rescues/_trace.html.erb
  Rendered /Users/scottsouthard/.rbenv/versions/2.2.4/lib/ruby/gems/2.2.0/gems/actionpack-5.0.0/lib/action_dispatch/middleware/templates/rescues/_trace.html.erb (2.3ms)
  Rendering /Users/scottsouthard/.rbenv/versions/2.2.4/lib/ruby/gems/2.2.0/gems/actionpack-5.0.0/lib/action_dispatch/middleware/templates/rescues/_request_and_response.html.erb
  Rendered /Users/scottsouthard/.rbenv/versions/2.2.4/lib/ruby/gems/2.2.0/gems/actionpack-5.0.0/lib/action_dispatch/middleware/templates/rescues/_request_and_response.html.erb (2.9ms)
  Rendered /Users/scottsouthard/.rbenv/versions/2.2.4/lib/ruby/gems/2.2.0/gems/actionpack-5.0.0/lib/action_dispatch/middleware/templates/rescues/diagnostics.html.erb within rescues/layout (120.9ms)
Started GET "/" for ::1 at 2016-07-25 15:48:25 -0500
Processing by PostsController#index as HTML
  [1m[36mPost Load (0.3ms)[0m  [1m[34mSELECT "posts".* FROM "posts"[0m
Completed 500 Internal Server Error in 35ms (ActiveRecord: 0.3ms)


  
NameError (undefined local variable or method `date' for #<PostsController:0x007f85fea8bcc8>):
  
app/controllers/posts_controller.rb:4:in `index'
  Rendering /Users/scottsouthard/.rbenv/versions/2.2.4/lib/ruby/gems/2.2.0/gems/actionpack-5.0.0/lib/action_dispatch/middleware/templates/rescues/diagnostics.html.erb within rescues/layout
  Rendering /Users/scottsouthard/.rbenv/versions/2.2.4/lib/ruby/gems/2.2.0/gems/actionpack-5.0.0/lib/action_dispatch/middleware/templates/rescues/_source.html.erb
  Rendered /Users/scottsouthard/.rbenv/versions/2.2.4/lib/ruby/gems/2.2.0/gems/actionpack-5.0.0/lib/action_dispatch/middleware/templates/rescues/_source.html.erb (4.2ms)
  Rendering /Users/scottsouthard/.rbenv/versions/2.2.4/lib/ruby/gems/2.2.0/gems/actionpack-5.0.0/lib/action_dispatch/middleware/templates/rescues/_trace.html.erb
  Rendered /Users/scottsouthard/.rbenv/versions/2.2.4/lib/ruby/gems/2.2.0/gems/actionpack-5.0.0/lib/action_dispatch/middleware/templates/rescues/_trace.html.erb (2.0ms)
  Rendering /Users/scottsouthard/.rbenv/versions/2.2.4/lib/ruby/gems/2.2.0/gems/actionpack-5.0.0/lib/action_dispatch/middleware/templates/rescues/_request_and_response.html.erb
  Rendered /Users/scottsouthard/.rbenv/versions/2.2.4/lib/ruby/gems/2.2.0/gems/actionpack-5.0.0/lib/action_dispatch/middleware/templates/rescues/_request_and_response.html.erb (1.2ms)
  Rendered /Users/scottsouthard/.rbenv/versions/2.2.4/lib/ruby/gems/2.2.0/gems/actionpack-5.0.0/lib/action_dispatch/middleware/templates/rescues/diagnostics.html.erb within rescues/layout (98.2ms)
Started GET "/" for ::1 at 2016-07-25 15:48:56 -0500
Processing by PostsController#index as HTML
  [1m[36mPost Load (0.4ms)[0m  [1m[34mSELECT "posts".* FROM "posts"[0m
Completed 500 Internal Server Error in 48ms (ActiveRecord: 2.8ms)


  
NameError (undefined local variable or method `date' for #<PostsController:0x007f85fe83a2d0>):
  
app/controllers/posts_controller.rb:4:in `index'
  Rendering /Users/scottsouthard/.rbenv/versions/2.2.4/lib/ruby/gems/2.2.0/gems/actionpack-5.0.0/lib/action_dispatch/middleware/templates/rescues/diagnostics.html.erb within rescues/layout
  Rendering /Users/scottsouthard/.rbenv/versions/2.2.4/lib/ruby/gems/2.2.0/gems/actionpack-5.0.0/lib/action_dispatch/middleware/templates/rescues/_source.html.erb
  Rendered /Users/scottsouthard/.rbenv/versions/2.2.4/lib/ruby/gems/2.2.0/gems/actionpack-5.0.0/lib/action_dispatch/middleware/templates/rescues/_source.html.erb (4.0ms)
  Rendering /Users/scottsouthard/.rbenv/versions/2.2.4/lib/ruby/gems/2.2.0/gems/actionpack-5.0.0/lib/action_dispatch/middleware/templates/rescues/_trace.html.erb
  Rendered /Users/scottsouthard/.rbenv/versions/2.2.4/lib/ruby/gems/2.2.0/gems/actionpack-5.0.0/lib/action_dispatch/middleware/templates/rescues/_trace.html.erb (2.2ms)
  Rendering /Users/scottsouthard/.rbenv/versions/2.2.4/lib/ruby/gems/2.2.0/gems/actionpack-5.0.0/lib/action_dispatch/middleware/templates/rescues/_request_and_response.html.erb
  Rendered /Users/scottsouthard/.rbenv/versions/2.2.4/lib/ruby/gems/2.2.0/gems/actionpack-5.0.0/lib/action_dispatch/middleware/templates/rescues/_request_and_response.html.erb (1.1ms)
  Rendered /Users/scottsouthard/.rbenv/versions/2.2.4/lib/ruby/gems/2.2.0/gems/actionpack-5.0.0/lib/action_dispatch/middleware/templates/rescues/diagnostics.html.erb within rescues/layout (96.7ms)
Started GET "/" for ::1 at 2016-07-25 15:49:51 -0500
Processing by PostsController#index as HTML
  [1m[36mPost Load (0.3ms)[0m  [1m[34mSELECT "posts".* FROM "posts"[0m
  Rendering posts/index.html.erb within layouts/application
  [1m[36mPost Load (0.4ms)[0m  [1m[34mSELECT "posts".* FROM "posts" WHERE "posts"."date" = $1[0m  [["date", Mon, 25 Jul 2016 15:49:51 -0500]]
  Rendered posts/index.html.erb within layouts/application (8.1ms)
Completed 200 OK in 309ms (Views: 292.3ms | ActiveRecord: 2.7ms)


Started GET "/posts/new" for ::1 at 2016-07-25 15:49:56 -0500
Processing by PostsController#new as HTML
  Rendering posts/new.html.erb within layouts/application
  Rendered posts/new.html.erb within layouts/application (49.1ms)
Completed 200 OK in 76ms (Views: 75.3ms | ActiveRecord: 0.0ms)


Started POST "/posts" for ::1 at 2016-07-25 15:50:11 -0500
Processing by PostsController#create as HTML
  Parameters: {"utf8"=>"✓", "authenticity_token"=>"DOvO+ZNNTAlNntL5y6LxE+Qw0yNs6Z1VxYdhZgFblvuMWn5cNvIw95xTprC1bW+n7/DqsHEQNsAC0y6dJBoWsg==", "post"=>{"title"=>"fartboy", "description"=>"adf", "date"=>"2016-07-29"}, "images"=>[#<ActionDispatch::Http::UploadedFile:0x007f86010faf80 @tempfile=#<Tempfile:/var/folders/6z/kzsbjfl178v4xr56zp5_zh440000gn/T/RackMultipart20160725-12626-1hroxr6.JPG>, @original_filename="image1.JPG", @content_type="image/jpeg", @headers="Content-Disposition: form-data; name=\"images[]\"; filename=\"image1.JPG\"\r\nContent-Type: image/jpeg\r\n">], "commit"=>"Create Post"}
  [1m[35m (0.1ms)[0m  [1m[35mBEGIN[0m
  [1m[35mSQL (6.8ms)[0m  [1m[32mINSERT INTO "posts" ("title", "description", "date", "created_at", "updated_at") VALUES ($1, $2, $3, $4, $5) RETURNING "id"[0m  [["title", "fartboy"], ["description", "adf"], ["date", Fri, 29 Jul 2016], ["created_at", 2016-07-25 20:50:11 UTC], ["updated_at", 2016-07-25 20:50:11 UTC]]
  [1m[35m (11.0ms)[0m  [1m[35mCOMMIT[0m
  [1m[35m (0.1ms)[0m  [1m[35mBEGIN[0m
Command :: PATH=/usr/local/bin/:$PATH; file -b --mime '/var/folders/6z/kzsbjfl178v4xr56zp5_zh440000gn/T/b5e7d988cfdb78bc3be1a9c221a8f74420160725-12626-1gu8lmd.JPG'
Command :: PATH=/usr/local/bin/:$PATH; identify -format '%wx%h,%[exif:orientation]' '/var/folders/6z/kzsbjfl178v4xr56zp5_zh440000gn/T/b5e7d988cfdb78bc3be1a9c221a8f74420160725-12626-1my8ers.JPG[0]' 2>/dev/null
Command :: PATH=/usr/local/bin/:$PATH; identify -format %m '/var/folders/6z/kzsbjfl178v4xr56zp5_zh440000gn/T/b5e7d988cfdb78bc3be1a9c221a8f74420160725-12626-1my8ers.JPG[0]'
Command :: PATH=/usr/local/bin/:$PATH; convert '/var/folders/6z/kzsbjfl178v4xr56zp5_zh440000gn/T/b5e7d988cfdb78bc3be1a9c221a8f74420160725-12626-1my8ers.JPG[0]' -auto-orient -resize "900x900>" '/var/folders/6z/kzsbjfl178v4xr56zp5_zh440000gn/T/2e0f41bc64fcac157a305502129a802620160725-12626-aeoc6'
Command :: PATH=/usr/local/bin/:$PATH; identify -format '%wx%h,%[exif:orientation]' '/var/folders/6z/kzsbjfl178v4xr56zp5_zh440000gn/T/b5e7d988cfdb78bc3be1a9c221a8f74420160725-12626-1my8ers.JPG[0]' 2>/dev/null
Command :: PATH=/usr/local/bin/:$PATH; identify -format %m '/var/folders/6z/kzsbjfl178v4xr56zp5_zh440000gn/T/b5e7d988cfdb78bc3be1a9c221a8f74420160725-12626-1my8ers.JPG[0]'
Command :: PATH=/usr/local/bin/:$PATH; convert '/var/folders/6z/kzsbjfl178v4xr56zp5_zh440000gn/T/b5e7d988cfdb78bc3be1a9c221a8f74420160725-12626-1my8ers.JPG[0]' -auto-orient -resize "300x300>" '/var/folders/6z/kzsbjfl178v4xr56zp5_zh440000gn/T/2e0f41bc64fcac157a305502129a802620160725-12626-1vcw3rp'
Command :: PATH=/usr/local/bin/:$PATH; file -b --mime '/var/folders/6z/kzsbjfl178v4xr56zp5_zh440000gn/T/b5e7d988cfdb78bc3be1a9c221a8f74420160725-12626-1m39yys.JPG'
  [1m[35mSQL (0.5ms)[0m  [1m[32mINSERT INTO "pictures" ("post_id", "created_at", "updated_at", "image_file_name", "image_content_type", "image_file_size", "image_updated_at") VALUES ($1, $2, $3, $4, $5, $6, $7) RETURNING "id"[0m  [["post_id", 5], ["created_at", 2016-07-25 20:50:13 UTC], ["updated_at", 2016-07-25 20:50:13 UTC], ["image_file_name", "image1.JPG"], ["image_content_type", "image/jpeg"], ["image_file_size", 1113892], ["image_updated_at", 2016-07-25 20:50:11 UTC]]
  [1m[35m (6.7ms)[0m  [1m[35mCOMMIT[0m
Redirected to http://localhost:3000/
Completed 302 Found in 1534ms (ActiveRecord: 29.5ms)


Started GET "/" for ::1 at 2016-07-25 15:50:13 -0500
Processing by PostsController#index as HTML
  [1m[36mPost Load (0.6ms)[0m  [1m[34mSELECT "posts".* FROM "posts"[0m
  Rendering posts/index.html.erb within layouts/application
  [1m[36mPost Load (0.4ms)[0m  [1m[34mSELECT "posts".* FROM "posts" WHERE "posts"."date" = $1[0m  [["date", Mon, 25 Jul 2016 15:50:13 -0500]]
  Rendered posts/index.html.erb within layouts/application (9.1ms)
Completed 200 OK in 54ms (Views: 48.1ms | ActiveRecord: 0.9ms)


Started GET "/" for ::1 at 2016-07-25 15:50:21 -0500
Processing by PostsController#index as HTML
  [1m[36mPost Load (0.9ms)[0m  [1m[34mSELECT "posts".* FROM "posts"[0m
  Rendering posts/index.html.erb within layouts/application
  [1m[36mPost Load (0.5ms)[0m  [1m[34mSELECT "posts".* FROM "posts" WHERE "posts"."date" = $1[0m  [["date", Mon, 25 Jul 2016 15:50:21 -0500]]
  Rendered posts/index.html.erb within layouts/application (15.5ms)
Completed 200 OK in 82ms (Views: 76.4ms | ActiveRecord: 1.3ms)


Started GET "/posts/new" for ::1 at 2016-07-25 15:50:40 -0500
Processing by PostsController#new as HTML
  Rendering posts/new.html.erb within layouts/application
  Rendered posts/new.html.erb within layouts/application (9.4ms)
Completed 200 OK in 48ms (Views: 47.3ms | ActiveRecord: 0.0ms)


Started POST "/posts" for ::1 at 2016-07-25 15:50:53 -0500
Processing by PostsController#create as HTML
  Parameters: {"utf8"=>"✓", "authenticity_token"=>"BlB0nX9tRTKhxhEUoLwWK8nmAN1EUg118A0hx3D2e2OG4cQ42tI5zHALZV3ec4ifwiY5TlmrpuA3WW48Vbf7Kg==", "post"=>{"title"=>"asdfsdf", "description"=>"asdf", "date"=>"2016-07-25"}, "images"=>[#<ActionDispatch::Http::UploadedFile:0x007f85fc271008 @tempfile=#<Tempfile:/var/folders/6z/kzsbjfl178v4xr56zp5_zh440000gn/T/RackMultipart20160725-12626-ckz97j.jpg>, @original_filename="NOflier.jpg", @content_type="image/jpeg", @headers="Content-Disposition: form-data; name=\"images[]\"; filename=\"NOflier.jpg\"\r\nContent-Type: image/jpeg\r\n">], "commit"=>"Create Post"}
  [1m[35m (0.1ms)[0m  [1m[35mBEGIN[0m
  [1m[35mSQL (0.3ms)[0m  [1m[32mINSERT INTO "posts" ("title", "description", "date", "created_at", "updated_at") VALUES ($1, $2, $3, $4, $5) RETURNING "id"[0m  [["title", "asdfsdf"], ["description", "asdf"], ["date", Mon, 25 Jul 2016], ["created_at", 2016-07-25 20:50:53 UTC], ["updated_at", 2016-07-25 20:50:53 UTC]]
  [1m[35m (1.1ms)[0m  [1m[35mCOMMIT[0m
  [1m[35m (0.2ms)[0m  [1m[35mBEGIN[0m
Command :: PATH=/usr/local/bin/:$PATH; file -b --mime '/var/folders/6z/kzsbjfl178v4xr56zp5_zh440000gn/T/e03dd45ee6b1b23bcad6a7f7aeed4cc220160725-12626-1iqtf6i.jpg'
Command :: PATH=/usr/local/bin/:$PATH; identify -format '%wx%h,%[exif:orientation]' '/var/folders/6z/kzsbjfl178v4xr56zp5_zh440000gn/T/e03dd45ee6b1b23bcad6a7f7aeed4cc220160725-12626-18guw62.jpg[0]' 2>/dev/null
Command :: PATH=/usr/local/bin/:$PATH; identify -format %m '/var/folders/6z/kzsbjfl178v4xr56zp5_zh440000gn/T/e03dd45ee6b1b23bcad6a7f7aeed4cc220160725-12626-18guw62.jpg[0]'
Command :: PATH=/usr/local/bin/:$PATH; convert '/var/folders/6z/kzsbjfl178v4xr56zp5_zh440000gn/T/e03dd45ee6b1b23bcad6a7f7aeed4cc220160725-12626-18guw62.jpg[0]' -auto-orient -resize "900x900>" '/var/folders/6z/kzsbjfl178v4xr56zp5_zh440000gn/T/179f00f230e1268ae663c11d33c55afb20160725-12626-1uv3bd1'
Command :: PATH=/usr/local/bin/:$PATH; identify -format '%wx%h,%[exif:orientation]' '/var/folders/6z/kzsbjfl178v4xr56zp5_zh440000gn/T/e03dd45ee6b1b23bcad6a7f7aeed4cc220160725-12626-18guw62.jpg[0]' 2>/dev/null
Command :: PATH=/usr/local/bin/:$PATH; identify -format %m '/var/folders/6z/kzsbjfl178v4xr56zp5_zh440000gn/T/e03dd45ee6b1b23bcad6a7f7aeed4cc220160725-12626-18guw62.jpg[0]'
Command :: PATH=/usr/local/bin/:$PATH; convert '/var/folders/6z/kzsbjfl178v4xr56zp5_zh440000gn/T/e03dd45ee6b1b23bcad6a7f7aeed4cc220160725-12626-18guw62.jpg[0]' -auto-orient -resize "300x300>" '/var/folders/6z/kzsbjfl178v4xr56zp5_zh440000gn/T/179f00f230e1268ae663c11d33c55afb20160725-12626-1ql0bdq'
Command :: PATH=/usr/local/bin/:$PATH; file -b --mime '/var/folders/6z/kzsbjfl178v4xr56zp5_zh440000gn/T/e03dd45ee6b1b23bcad6a7f7aeed4cc220160725-12626-7rjomh.jpg'
  [1m[35mSQL (0.5ms)[0m  [1m[32mINSERT INTO "pictures" ("post_id", "created_at", "updated_at", "image_file_name", "image_content_type", "image_file_size", "image_updated_at") VALUES ($1, $2, $3, $4, $5, $6, $7) RETURNING "id"[0m  [["post_id", 6], ["created_at", 2016-07-25 20:50:53 UTC], ["updated_at", 2016-07-25 20:50:53 UTC], ["image_file_name", "NOflier.jpg"], ["image_content_type", "image/jpeg"], ["image_file_size", 853761], ["image_updated_at", 2016-07-25 20:50:53 UTC]]
  [1m[35m (5.4ms)[0m  [1m[35mCOMMIT[0m
Redirected to http://localhost:3000/
Completed 302 Found in 382ms (ActiveRecord: 7.6ms)


Started GET "/" for ::1 at 2016-07-25 15:50:53 -0500
Processing by PostsController#index as HTML
  [1m[36mPost Load (0.3ms)[0m  [1m[34mSELECT "posts".* FROM "posts"[0m
  Rendering posts/index.html.erb within layouts/application
  [1m[36mPost Load (0.3ms)[0m  [1m[34mSELECT "posts".* FROM "posts" WHERE "posts"."date" = $1[0m  [["date", Mon, 25 Jul 2016 15:50:53 -0500]]
  Rendered posts/index.html.erb within layouts/application (14.4ms)
Completed 200 OK in 42ms (Views: 38.3ms | ActiveRecord: 0.7ms)


Started GET "/" for ::1 at 2016-07-25 15:52:31 -0500
Processing by PostsController#index as HTML
  [1m[36mPost Load (0.3ms)[0m  [1m[34mSELECT "posts".* FROM "posts"[0m
Completed 500 Internal Server Error in 14ms (ActiveRecord: 0.3ms)


  
ArgumentError (comparison of String with DateTime failed):
  
app/controllers/posts_controller.rb:4:in `>'
app/controllers/posts_controller.rb:4:in `index'
  Rendering /Users/scottsouthard/.rbenv/versions/2.2.4/lib/ruby/gems/2.2.0/gems/actionpack-5.0.0/lib/action_dispatch/middleware/templates/rescues/diagnostics.html.erb within rescues/layout
  Rendering /Users/scottsouthard/.rbenv/versions/2.2.4/lib/ruby/gems/2.2.0/gems/actionpack-5.0.0/lib/action_dispatch/middleware/templates/rescues/_source.html.erb
  Rendered /Users/scottsouthard/.rbenv/versions/2.2.4/lib/ruby/gems/2.2.0/gems/actionpack-5.0.0/lib/action_dispatch/middleware/templates/rescues/_source.html.erb (4.0ms)
  Rendering /Users/scottsouthard/.rbenv/versions/2.2.4/lib/ruby/gems/2.2.0/gems/actionpack-5.0.0/lib/action_dispatch/middleware/templates/rescues/_trace.html.erb
  Rendered /Users/scottsouthard/.rbenv/versions/2.2.4/lib/ruby/gems/2.2.0/gems/actionpack-5.0.0/lib/action_dispatch/middleware/templates/rescues/_trace.html.erb (2.2ms)
  Rendering /Users/scottsouthard/.rbenv/versions/2.2.4/lib/ruby/gems/2.2.0/gems/actionpack-5.0.0/lib/action_dispatch/middleware/templates/rescues/_request_and_response.html.erb
  Rendered /Users/scottsouthard/.rbenv/versions/2.2.4/lib/ruby/gems/2.2.0/gems/actionpack-5.0.0/lib/action_dispatch/middleware/templates/rescues/_request_and_response.html.erb (1.2ms)
  Rendered /Users/scottsouthard/.rbenv/versions/2.2.4/lib/ruby/gems/2.2.0/gems/actionpack-5.0.0/lib/action_dispatch/middleware/templates/rescues/diagnostics.html.erb within rescues/layout (67.5ms)
Started GET "/" for ::1 at 2016-07-25 15:52:42 -0500
Processing by PostsController#index as HTML
  [1m[36mPost Load (0.3ms)[0m  [1m[34mSELECT "posts".* FROM "posts"[0m
Completed 500 Internal Server Error in 49ms (ActiveRecord: 0.3ms)


  
NameError (undefined local variable or method `date' for #<PostsController:0x007f85fee537c0>):
  
app/controllers/posts_controller.rb:4:in `index'
  Rendering /Users/scottsouthard/.rbenv/versions/2.2.4/lib/ruby/gems/2.2.0/gems/actionpack-5.0.0/lib/action_dispatch/middleware/templates/rescues/diagnostics.html.erb within rescues/layout
  Rendering /Users/scottsouthard/.rbenv/versions/2.2.4/lib/ruby/gems/2.2.0/gems/actionpack-5.0.0/lib/action_dispatch/middleware/templates/rescues/_source.html.erb
  Rendered /Users/scottsouthard/.rbenv/versions/2.2.4/lib/ruby/gems/2.2.0/gems/actionpack-5.0.0/lib/action_dispatch/middleware/templates/rescues/_source.html.erb (4.6ms)
  Rendering /Users/scottsouthard/.rbenv/versions/2.2.4/lib/ruby/gems/2.2.0/gems/actionpack-5.0.0/lib/action_dispatch/middleware/templates/rescues/_trace.html.erb
  Rendered /Users/scottsouthard/.rbenv/versions/2.2.4/lib/ruby/gems/2.2.0/gems/actionpack-5.0.0/lib/action_dispatch/middleware/templates/rescues/_trace.html.erb (1.9ms)
  Rendering /Users/scottsouthard/.rbenv/versions/2.2.4/lib/ruby/gems/2.2.0/gems/actionpack-5.0.0/lib/action_dispatch/middleware/templates/rescues/_request_and_response.html.erb
  Rendered /Users/scottsouthard/.rbenv/versions/2.2.4/lib/ruby/gems/2.2.0/gems/actionpack-5.0.0/lib/action_dispatch/middleware/templates/rescues/_request_and_response.html.erb (1.0ms)
  Rendered /Users/scottsouthard/.rbenv/versions/2.2.4/lib/ruby/gems/2.2.0/gems/actionpack-5.0.0/lib/action_dispatch/middleware/templates/rescues/diagnostics.html.erb within rescues/layout (117.9ms)
Started GET "/" for ::1 at 2016-07-25 15:52:48 -0500
  
SyntaxError (/Users/scottsouthard/Documents/Dev/samuelgallery/app/controllers/posts_controller.rb:4: syntax error, unexpected '>'
    @upcomingposts = Post.having(date: > DateTime.now)
                                        ^
/Users/scottsouthard/Documents/Dev/samuelgallery/app/controllers/posts_controller.rb:4: syntax error, unexpected ')', expecting keyword_end):
  
app/controllers/posts_controller.rb:4: syntax error, unexpected '>'
app/controllers/posts_controller.rb:4: syntax error, unexpected ')', expecting keyword_end
  Rendering /Users/scottsouthard/.rbenv/versions/2.2.4/lib/ruby/gems/2.2.0/gems/actionpack-5.0.0/lib/action_dispatch/middleware/templates/rescues/diagnostics.html.erb within rescues/layout
  Rendering /Users/scottsouthard/.rbenv/versions/2.2.4/lib/ruby/gems/2.2.0/gems/actionpack-5.0.0/lib/action_dispatch/middleware/templates/rescues/_source.html.erb
  Rendered /Users/scottsouthard/.rbenv/versions/2.2.4/lib/ruby/gems/2.2.0/gems/actionpack-5.0.0/lib/action_dispatch/middleware/templates/rescues/_source.html.erb (4.6ms)
  Rendering /Users/scottsouthard/.rbenv/versions/2.2.4/lib/ruby/gems/2.2.0/gems/actionpack-5.0.0/lib/action_dispatch/middleware/templates/rescues/_trace.html.erb
  Rendered /Users/scottsouthard/.rbenv/versions/2.2.4/lib/ruby/gems/2.2.0/gems/actionpack-5.0.0/lib/action_dispatch/middleware/templates/rescues/_trace.html.erb (1.8ms)
  Rendering /Users/scottsouthard/.rbenv/versions/2.2.4/lib/ruby/gems/2.2.0/gems/actionpack-5.0.0/lib/action_dispatch/middleware/templates/rescues/_request_and_response.html.erb
  Rendered /Users/scottsouthard/.rbenv/versions/2.2.4/lib/ruby/gems/2.2.0/gems/actionpack-5.0.0/lib/action_dispatch/middleware/templates/rescues/_request_and_response.html.erb (0.9ms)
  Rendered /Users/scottsouthard/.rbenv/versions/2.2.4/lib/ruby/gems/2.2.0/gems/actionpack-5.0.0/lib/action_dispatch/middleware/templates/rescues/diagnostics.html.erb within rescues/layout (69.9ms)
Started GET "/" for ::1 at 2016-07-25 15:53:13 -0500
Processing by PostsController#index as HTML
  [1m[36mPost Load (0.4ms)[0m  [1m[34mSELECT "posts".* FROM "posts"[0m
  Rendering posts/index.html.erb within layouts/application
  [1m[36mPost Load (2.5ms)[0m  [1m[34mSELECT "posts".* FROM "posts" HAVING (date > DateTime.now)[0m
  Rendered posts/index.html.erb within layouts/application (5.2ms)
Completed 500 Internal Server Error in 22ms (ActiveRecord: 2.9ms)


  
ActionView::Template::Error (PG::UndefinedTable: ERROR:  missing FROM-clause entry for table "datetime"
LINE 1: SELECT "posts".* FROM "posts" HAVING (date > DateTime.now)
                                                     ^
: SELECT "posts".* FROM "posts" HAVING (date > DateTime.now)):
    1: <div class="container">
    2:   <div class="list-group post-index">
    3:   <% @upcomingposts.each do |post| %>
    4:       <!-- <li class="list-group-item"> -->
    5:         <%= link_to "#{post.title}  -  #{post.date.strftime("%m/%d/%Y")}", post, :class=>"list-group-item"%>
    6:       <!-- </li> -->
  
app/views/posts/index.html.erb:3:in `_app_views_posts_index_html_erb__3658132647299974726_70106719382140'
  Rendering /Users/scottsouthard/.rbenv/versions/2.2.4/lib/ruby/gems/2.2.0/gems/actionpack-5.0.0/lib/action_dispatch/middleware/templates/rescues/template_error.html.erb within rescues/layout
  Rendering /Users/scottsouthard/.rbenv/versions/2.2.4/lib/ruby/gems/2.2.0/gems/actionpack-5.0.0/lib/action_dispatch/middleware/templates/rescues/_source.html.erb
  Rendered /Users/scottsouthard/.rbenv/versions/2.2.4/lib/ruby/gems/2.2.0/gems/actionpack-5.0.0/lib/action_dispatch/middleware/templates/rescues/_source.html.erb (5.9ms)
  Rendering /Users/scottsouthard/.rbenv/versions/2.2.4/lib/ruby/gems/2.2.0/gems/actionpack-5.0.0/lib/action_dispatch/middleware/templates/rescues/_trace.html.erb
  Rendered /Users/scottsouthard/.rbenv/versions/2.2.4/lib/ruby/gems/2.2.0/gems/actionpack-5.0.0/lib/action_dispatch/middleware/templates/rescues/_trace.html.erb (3.1ms)
  Rendering /Users/scottsouthard/.rbenv/versions/2.2.4/lib/ruby/gems/2.2.0/gems/actionpack-5.0.0/lib/action_dispatch/middleware/templates/rescues/_request_and_response.html.erb
  Rendered /Users/scottsouthard/.rbenv/versions/2.2.4/lib/ruby/gems/2.2.0/gems/actionpack-5.0.0/lib/action_dispatch/middleware/templates/rescues/_request_and_response.html.erb (0.9ms)
  Rendered /Users/scottsouthard/.rbenv/versions/2.2.4/lib/ruby/gems/2.2.0/gems/actionpack-5.0.0/lib/action_dispatch/middleware/templates/rescues/template_error.html.erb within rescues/layout (73.6ms)
  [1m[36mPost Load (3.4ms)[0m  [1m[34mSELECT "posts".* FROM "posts" HAVING (date > DateTime.now)[0m
Started GET "/" for ::1 at 2016-07-25 15:55:07 -0500
Processing by PostsController#index as HTML
  [1m[36mPost Load (0.4ms)[0m  [1m[34mSELECT "posts".* FROM "posts"[0m
  Rendering posts/index.html.erb within layouts/application
  [1m[36mPost Load (0.7ms)[0m  [1m[34mSELECT "posts".* FROM "posts" WHERE (date > DateTime.now)[0m
  Rendered posts/index.html.erb within layouts/application (3.4ms)
Completed 500 Internal Server Error in 22ms (ActiveRecord: 1.1ms)


  
ActionView::Template::Error (PG::UndefinedTable: ERROR:  missing FROM-clause entry for table "datetime"
LINE 1: SELECT "posts".* FROM "posts" WHERE (date > DateTime.now)
                                                    ^
: SELECT "posts".* FROM "posts" WHERE (date > DateTime.now)):
    1: <div class="container">
    2:   <div class="list-group post-index">
    3:   <% @upcomingposts.each do |post| %>
    4:       <!-- <li class="list-group-item"> -->
    5:         <%= link_to "#{post.title}  -  #{post.date.strftime("%m/%d/%Y")}", post, :class=>"list-group-item"%>
    6:       <!-- </li> -->
  
app/views/posts/index.html.erb:3:in `_app_views_posts_index_html_erb__3658132647299974726_70106718628120'
  Rendering /Users/scottsouthard/.rbenv/versions/2.2.4/lib/ruby/gems/2.2.0/gems/actionpack-5.0.0/lib/action_dispatch/middleware/templates/rescues/template_error.html.erb within rescues/layout
  Rendering /Users/scottsouthard/.rbenv/versions/2.2.4/lib/ruby/gems/2.2.0/gems/actionpack-5.0.0/lib/action_dispatch/middleware/templates/rescues/_source.html.erb
  Rendered /Users/scottsouthard/.rbenv/versions/2.2.4/lib/ruby/gems/2.2.0/gems/actionpack-5.0.0/lib/action_dispatch/middleware/templates/rescues/_source.html.erb (7.0ms)
  Rendering /Users/scottsouthard/.rbenv/versions/2.2.4/lib/ruby/gems/2.2.0/gems/actionpack-5.0.0/lib/action_dispatch/middleware/templates/rescues/_trace.html.erb
  Rendered /Users/scottsouthard/.rbenv/versions/2.2.4/lib/ruby/gems/2.2.0/gems/actionpack-5.0.0/lib/action_dispatch/middleware/templates/rescues/_trace.html.erb (2.6ms)
  Rendering /Users/scottsouthard/.rbenv/versions/2.2.4/lib/ruby/gems/2.2.0/gems/actionpack-5.0.0/lib/action_dispatch/middleware/templates/rescues/_request_and_response.html.erb
  Rendered /Users/scottsouthard/.rbenv/versions/2.2.4/lib/ruby/gems/2.2.0/gems/actionpack-5.0.0/lib/action_dispatch/middleware/templates/rescues/_request_and_response.html.erb (1.0ms)
  Rendered /Users/scottsouthard/.rbenv/versions/2.2.4/lib/ruby/gems/2.2.0/gems/actionpack-5.0.0/lib/action_dispatch/middleware/templates/rescues/template_error.html.erb within rescues/layout (75.2ms)
  [1m[36mPost Load (2.2ms)[0m  [1m[34mSELECT "posts".* FROM "posts" WHERE (date > DateTime.now)[0m
Started GET "/" for ::1 at 2016-07-25 15:56:08 -0500
  
SyntaxError (/Users/scottsouthard/Documents/Dev/samuelgallery/app/controllers/posts_controller.rb:4: syntax error, unexpected tCONSTANT, expecting ')'
    @upcomingposts = Post.where("date >" DateTime.now)
                                                 ^
/Users/scottsouthard/Documents/Dev/samuelgallery/app/controllers/posts_controller.rb:4: syntax error, unexpected ')', expecting keyword_end):
  
app/controllers/posts_controller.rb:4: syntax error, unexpected tCONSTANT, expecting ')'
app/controllers/posts_controller.rb:4: syntax error, unexpected ')', expecting keyword_end
  Rendering /Users/scottsouthard/.rbenv/versions/2.2.4/lib/ruby/gems/2.2.0/gems/actionpack-5.0.0/lib/action_dispatch/middleware/templates/rescues/diagnostics.html.erb within rescues/layout
  Rendering /Users/scottsouthard/.rbenv/versions/2.2.4/lib/ruby/gems/2.2.0/gems/actionpack-5.0.0/lib/action_dispatch/middleware/templates/rescues/_source.html.erb
  Rendered /Users/scottsouthard/.rbenv/versions/2.2.4/lib/ruby/gems/2.2.0/gems/actionpack-5.0.0/lib/action_dispatch/middleware/templates/rescues/_source.html.erb (4.9ms)
  Rendering /Users/scottsouthard/.rbenv/versions/2.2.4/lib/ruby/gems/2.2.0/gems/actionpack-5.0.0/lib/action_dispatch/middleware/templates/rescues/_trace.html.erb
  Rendered /Users/scottsouthard/.rbenv/versions/2.2.4/lib/ruby/gems/2.2.0/gems/actionpack-5.0.0/lib/action_dispatch/middleware/templates/rescues/_trace.html.erb (2.2ms)
  Rendering /Users/scottsouthard/.rbenv/versions/2.2.4/lib/ruby/gems/2.2.0/gems/actionpack-5.0.0/lib/action_dispatch/middleware/templates/rescues/_request_and_response.html.erb
  Rendered /Users/scottsouthard/.rbenv/versions/2.2.4/lib/ruby/gems/2.2.0/gems/actionpack-5.0.0/lib/action_dispatch/middleware/templates/rescues/_request_and_response.html.erb (1.4ms)
  Rendered /Users/scottsouthard/.rbenv/versions/2.2.4/lib/ruby/gems/2.2.0/gems/actionpack-5.0.0/lib/action_dispatch/middleware/templates/rescues/diagnostics.html.erb within rescues/layout (69.1ms)
Started GET "/" for ::1 at 2016-07-25 15:58:12 -0500
Processing by PostsController#index as HTML
  [1m[36mPost Load (0.4ms)[0m  [1m[34mSELECT "posts".* FROM "posts"[0m
  Rendering posts/index.html.erb within layouts/application
  [1m[36mPost Load (6.4ms)[0m  [1m[34mSELECT "posts".* FROM "posts" WHERE (date > Date.today)[0m
  Rendered posts/index.html.erb within layouts/application (9.9ms)
Completed 500 Internal Server Error in 30ms (ActiveRecord: 6.7ms)


  
ActionView::Template::Error (PG::UndefinedTable: ERROR:  missing FROM-clause entry for table "date"
LINE 1: SELECT "posts".* FROM "posts" WHERE (date > Date.today)
                                                    ^
: SELECT "posts".* FROM "posts" WHERE (date > Date.today)):
    1: <div class="container">
    2:   <div class="list-group post-index">
    3:   <% @upcomingposts.each do |post| %>
    4:       <!-- <li class="list-group-item"> -->
    5:         <%= link_to "#{post.title}  -  #{post.date.strftime("%m/%d/%Y")}", post, :class=>"list-group-item"%>
    6:       <!-- </li> -->
  
app/views/posts/index.html.erb:3:in `_app_views_posts_index_html_erb__3658132647299974726_70106772369480'
  Rendering /Users/scottsouthard/.rbenv/versions/2.2.4/lib/ruby/gems/2.2.0/gems/actionpack-5.0.0/lib/action_dispatch/middleware/templates/rescues/template_error.html.erb within rescues/layout
  Rendering /Users/scottsouthard/.rbenv/versions/2.2.4/lib/ruby/gems/2.2.0/gems/actionpack-5.0.0/lib/action_dispatch/middleware/templates/rescues/_source.html.erb
  Rendered /Users/scottsouthard/.rbenv/versions/2.2.4/lib/ruby/gems/2.2.0/gems/actionpack-5.0.0/lib/action_dispatch/middleware/templates/rescues/_source.html.erb (7.0ms)
  Rendering /Users/scottsouthard/.rbenv/versions/2.2.4/lib/ruby/gems/2.2.0/gems/actionpack-5.0.0/lib/action_dispatch/middleware/templates/rescues/_trace.html.erb
  Rendered /Users/scottsouthard/.rbenv/versions/2.2.4/lib/ruby/gems/2.2.0/gems/actionpack-5.0.0/lib/action_dispatch/middleware/templates/rescues/_trace.html.erb (3.7ms)
  Rendering /Users/scottsouthard/.rbenv/versions/2.2.4/lib/ruby/gems/2.2.0/gems/actionpack-5.0.0/lib/action_dispatch/middleware/templates/rescues/_request_and_response.html.erb
  Rendered /Users/scottsouthard/.rbenv/versions/2.2.4/lib/ruby/gems/2.2.0/gems/actionpack-5.0.0/lib/action_dispatch/middleware/templates/rescues/_request_and_response.html.erb (1.0ms)
  Rendered /Users/scottsouthard/.rbenv/versions/2.2.4/lib/ruby/gems/2.2.0/gems/actionpack-5.0.0/lib/action_dispatch/middleware/templates/rescues/template_error.html.erb within rescues/layout (72.5ms)
  [1m[36mPost Load (1.1ms)[0m  [1m[34mSELECT "posts".* FROM "posts" WHERE (date > Date.today)[0m
  [1m[36mPost Load (1.4ms)[0m  [1m[34mSELECT "posts".* FROM "posts" WHERE "posts"."date" = $1[0m  [["date", Mon, 25 Jul 2016]]
Started GET "/" for ::1 at 2016-07-25 16:05:21 -0500
Processing by PostsController#index as HTML
  [1m[36mPost Load (0.3ms)[0m  [1m[34mSELECT "posts".* FROM "posts"[0m
  Rendering posts/index.html.erb within layouts/application
  [1m[36mPost Load (0.3ms)[0m  [1m[34mSELECT "posts".* FROM "posts" WHERE (date > '2016-07-25')[0m
  Rendered posts/index.html.erb within layouts/application (4.4ms)
Completed 200 OK in 42ms (Views: 28.3ms | ActiveRecord: 0.6ms)


Started GET "/" for ::1 at 2016-07-25 16:09:06 -0500
  [1m[36mActiveRecord::SchemaMigration Load (0.4ms)[0m  [1m[34mSELECT "schema_migrations".* FROM "schema_migrations"[0m
Processing by PostsController#index as HTML
  [1m[36mPost Load (0.5ms)[0m  [1m[34mSELECT "posts".* FROM "posts"[0m
  Rendering posts/index.html.erb within layouts/application
  [1m[36mPost Load (0.4ms)[0m  [1m[34mSELECT "posts".* FROM "posts" WHERE (date >= '2016-07-25')[0m
  Rendered posts/index.html.erb within layouts/application (13.3ms)
Completed 200 OK in 324ms (Views: 288.8ms | ActiveRecord: 3.7ms)


